# JRE version: OpenJDK Runtime Environment Microsoft-8035246 (17.0.8+7) (build 17.0.8+7-LTS)
# Java VM: OpenJDK 64-Bit Server VM Microsoft-8035246 (17.0.8+7-LTS, mixed mode, sharing, tiered, compressed oops, compressed class ptrs, g1 gc, windows-amd64)
GC Precious Log:
 CPUs: 12 total, 12 available
 Memory: 5989M
 Large Page Support: Disabled
 NUMA Support: Disabled
 Compressed Oops: Enabled (32-bit)
 Heap Region Size: 1M
 Heap Min Capacity: 8M
 Heap Initial Capacity: 94M
 Heap Max Capacity: 2G
 Pre-touch: Disabled
 Parallel Workers: 10
 Concurrent Workers: 3
 Concurrent Refinement Workers: 10
 Periodic GC: Disabled
Heap:
 garbage-first heap   total 297984K, used 220357K [0x0000000080000000, 0x0000000100000000)
  region size 1024K, 82 young (83968K), 8 survivors (8192K)
 Metaspace       used 103143K, committed 104128K, reserved 557056K
  class space    used 14452K, committed 14912K, reserved 425984K
GC Heap History (20 events):
Event: 26.739 GC heap before
{Heap before GC invocations=46 (full 0):
 garbage-first heap   total 167936K, used 93719K [0x0000000080000000, 0x0000000100000000)
  region size 1024K, 8 young (8192K), 5 survivors (5120K)
 Metaspace       used 82340K, committed 83072K, reserved 557056K
  class space    used 11414K, committed 11712K, reserved 425984K
}
Event: 26.743 GC heap after
{Heap after GC invocations=47 (full 0):
 garbage-first heap   total 167936K, used 90044K [0x0000000080000000, 0x0000000100000000)
  region size 1024K, 1 young (1024K), 1 survivors (1024K)
 Metaspace       used 82340K, committed 83072K, reserved 557056K
  class space    used 11414K, committed 11712K, reserved 425984K
}
Event: 32.964 GC heap before
{Heap before GC invocations=47 (full 0):
 garbage-first heap   total 167936K, used 129980K [0x0000000080000000, 0x0000000100000000)
  region size 1024K, 40 young (40960K), 1 survivors (1024K)
 Metaspace       used 82691K, committed 83456K, reserved 557056K
  class space    used 11462K, committed 11840K, reserved 425984K
}
Event: 32.967 GC heap after
{Heap after GC invocations=48 (full 0):
 garbage-first heap   total 167936K, used 93081K [0x0000000080000000, 0x0000000100000000)
  region size 1024K, 4 young (4096K), 4 survivors (4096K)
 Metaspace       used 82691K, committed 83456K, reserved 557056K
  class space    used 11462K, committed 11840K, reserved 425984K
}
Event: 33.633 GC heap before
{Heap before GC invocations=49 (full 0):
 garbage-first heap   total 167936K, used 133017K [0x0000000080000000, 0x0000000100000000)
  region size 1024K, 43 young (44032K), 4 survivors (4096K)
 Metaspace       used 85337K, committed 86080K, reserved 557056K
  class space    used 11831K, committed 12160K, reserved 425984K
}
Event: 33.637 GC heap after
{Heap after GC invocations=50 (full 0):
 garbage-first heap   total 167936K, used 95678K [0x0000000080000000, 0x0000000100000000)
  region size 1024K, 6 young (6144K), 6 survivors (6144K)
 Metaspace       used 85337K, committed 86080K, reserved 557056K
  class space    used 11831K, committed 12160K, reserved 425984K
}
Event: 33.666 GC heap before
{Heap before GC invocations=50 (full 0):
 garbage-first heap   total 167936K, used 96702K [0x0000000080000000, 0x0000000100000000)
  region size 1024K, 8 young (8192K), 6 survivors (6144K)
 Metaspace       used 85472K, committed 86272K, reserved 557056K
  class space    used 11851K, committed 12224K, reserved 425984K
}
Event: 33.669 GC heap after
{Heap after GC invocations=51 (full 0):
 garbage-first heap   total 167936K, used 95660K [0x0000000080000000, 0x0000000100000000)
  region size 1024K, 1 young (1024K), 1 survivors (1024K)
 Metaspace       used 85472K, committed 86272K, reserved 557056K
  class space    used 11851K, committed 12224K, reserved 425984K
}
Event: 34.440 GC heap before
{Heap before GC invocations=51 (full 0):
 garbage-first heap   total 167936K, used 135596K [0x0000000080000000, 0x0000000100000000)
  region size 1024K, 40 young (40960K), 1 survivors (1024K)
 Metaspace       used 88240K, committed 88960K, reserved 557056K
  class space    used 12413K, committed 12736K, reserved 425984K
}
Event: 34.444 GC heap after
{Heap after GC invocations=52 (full 0):
 garbage-first heap   total 297984K, used 96100K [0x0000000080000000, 0x0000000100000000)
  region size 1024K, 2 young (2048K), 2 survivors (2048K)
 Metaspace       used 88240K, committed 88960K, reserved 557056K
  class space    used 12413K, committed 12736K, reserved 425984K
}
Event: 37.086 GC heap before
{Heap before GC invocations=53 (full 0):
 garbage-first heap   total 297984K, used 233316K [0x0000000080000000, 0x0000000100000000)
  region size 1024K, 131 young (134144K), 2 survivors (2048K)
 Metaspace       used 92714K, committed 93632K, reserved 557056K
  class space    used 13016K, committed 13440K, reserved 425984K
}
Event: 37.102 GC heap after
{Heap after GC invocations=54 (full 0):
 garbage-first heap   total 297984K, used 120895K [0x0000000080000000, 0x0000000100000000)
  region size 1024K, 17 young (17408K), 17 survivors (17408K)
 Metaspace       used 92714K, committed 93632K, reserved 557056K
  class space    used 13016K, committed 13440K, reserved 425984K
}
Event: 37.114 GC heap before
{Heap before GC invocations=54 (full 0):
 garbage-first heap   total 297984K, used 121919K [0x0000000080000000, 0x0000000100000000)
  region size 1024K, 18 young (18432K), 17 survivors (17408K)
 Metaspace       used 92744K, committed 93632K, reserved 557056K
  class space    used 13021K, committed 13440K, reserved 425984K
}
Event: 37.134 GC heap after
{Heap after GC invocations=55 (full 0):
 garbage-first heap   total 297984K, used 121848K [0x0000000080000000, 0x0000000100000000)
  region size 1024K, 2 young (2048K), 2 survivors (2048K)
 Metaspace       used 92744K, committed 93632K, reserved 557056K
  class space    used 13021K, committed 13440K, reserved 425984K
}
Event: 40.132 GC heap before
{Heap before GC invocations=55 (full 0):
 garbage-first heap   total 297984K, used 215032K [0x0000000080000000, 0x0000000100000000)
  region size 1024K, 93 young (95232K), 2 survivors (2048K)
 Metaspace       used 98977K, committed 99904K, reserved 557056K
  class space    used 13872K, committed 14336K, reserved 425984K
}
Event: 40.139 GC heap after
{Heap after GC invocations=56 (full 0):
 garbage-first heap   total 297984K, used 129552K [0x0000000080000000, 0x0000000100000000)
  region size 1024K, 9 young (9216K), 9 survivors (9216K)
 Metaspace       used 98977K, committed 99904K, reserved 557056K
  class space    used 13872K, committed 14336K, reserved 425984K
}
Event: 41.802 GC heap before
{Heap before GC invocations=56 (full 0):
 garbage-first heap   total 297984K, used 221712K [0x0000000080000000, 0x0000000100000000)
  region size 1024K, 99 young (101376K), 9 survivors (9216K)
 Metaspace       used 101586K, committed 102528K, reserved 557056K
  class space    used 14178K, committed 14592K, reserved 425984K
}
Event: 41.814 GC heap after
{Heap after GC invocations=57 (full 0):
 garbage-first heap   total 297984K, used 138801K [0x0000000080000000, 0x0000000100000000)
  region size 1024K, 10 young (10240K), 10 survivors (10240K)
 Metaspace       used 101586K, committed 102528K, reserved 557056K
  class space    used 14178K, committed 14592K, reserved 425984K
}
Event: 42.875 GC heap before
{Heap before GC invocations=57 (full 0):
 garbage-first heap   total 297984K, used 227889K [0x0000000080000000, 0x0000000100000000)
  region size 1024K, 98 young (100352K), 10 survivors (10240K)
 Metaspace       used 103101K, committed 104064K, reserved 557056K
  class space    used 14450K, committed 14912K, reserved 425984K
}
Event: 42.944 GC heap after
{Heap after GC invocations=58 (full 0):
 garbage-first heap   total 297984K, used 146629K [0x0000000080000000, 0x0000000100000000)
  region size 1024K, 8 young (8192K), 8 survivors (8192K)
 Metaspace       used 103101K, committed 104064K, reserved 557056K
  class space    used 14450K, committed 14912K, reserved 425984K
}

