# JRE version: OpenJDK Runtime Environment Microsoft-8035246 (17.0.8+7) (build 17.0.8+7-LTS)
# Java VM: OpenJDK 64-Bit Server VM Microsoft-8035246 (17.0.8+7-LTS, mixed mode, sharing, tiered, compressed oops, compressed class ptrs, g1 gc, windows-amd64)
GC Precious Log:
 CPUs: 12 total, 12 available
 Memory: 7514M
 Large Page Support: Disabled
 NUMA Support: Disabled
 Compressed Oops: Enabled (32-bit)
 Heap Region Size: 1M
 Heap Min Capacity: 8M
 Heap Initial Capacity: 118M
 Heap Max Capacity: 2G
 Pre-touch: Disabled
 Parallel Workers: 10
 Concurrent Workers: 3
 Concurrent Refinement Workers: 10
 Periodic GC: Disabled
Heap:
 garbage-first heap   total 340992K, used 216153K [0x0000000080000000, 0x0000000100000000)
  region size 1024K, 22 young (22528K), 11 survivors (11264K)
 Metaspace       used 103416K, committed 104640K, reserved 557056K
  class space    used 14401K, committed 14976K, reserved 425984K
GC Heap History (20 events):
Event: 33.718 GC heap before
{Heap before GC invocations=76 (full 0):
 garbage-first heap   total 283648K, used 232843K [0x0000000080000000, 0x0000000100000000)
  region size 1024K, 70 young (71680K), 6 survivors (6144K)
 Metaspace       used 99248K, committed 100352K, reserved 557056K
  class space    used 13976K, committed 14464K, reserved 425984K
}
Event: 33.726 GC heap after
{Heap after GC invocations=77 (full 0):
 garbage-first heap   total 283648K, used 174633K [0x0000000080000000, 0x0000000100000000)
  region size 1024K, 7 young (7168K), 7 survivors (7168K)
 Metaspace       used 99248K, committed 100352K, reserved 557056K
  class space    used 13976K, committed 14464K, reserved 425984K
}
Event: 34.734 GC heap before
{Heap before GC invocations=77 (full 0):
 garbage-first heap   total 283648K, used 238121K [0x0000000080000000, 0x0000000100000000)
  region size 1024K, 66 young (67584K), 7 survivors (7168K)
 Metaspace       used 99336K, committed 100480K, reserved 557056K
  class space    used 13986K, committed 14528K, reserved 425984K
}
Event: 34.740 GC heap after
{Heap after GC invocations=78 (full 0):
 garbage-first heap   total 283648K, used 178763K [0x0000000080000000, 0x0000000100000000)
  region size 1024K, 5 young (5120K), 5 survivors (5120K)
 Metaspace       used 99336K, committed 100480K, reserved 557056K
  class space    used 13986K, committed 14528K, reserved 425984K
}
Event: 35.028 GC heap before
{Heap before GC invocations=78 (full 0):
 garbage-first heap   total 283648K, used 224843K [0x0000000080000000, 0x0000000100000000)
  region size 1024K, 42 young (43008K), 5 survivors (5120K)
 Metaspace       used 99454K, committed 100608K, reserved 557056K
  class space    used 13989K, committed 14528K, reserved 425984K
}
Event: 35.033 GC heap after
{Heap after GC invocations=79 (full 0):
 garbage-first heap   total 283648K, used 183897K [0x0000000080000000, 0x0000000100000000)
  region size 1024K, 4 young (4096K), 4 survivors (4096K)
 Metaspace       used 99454K, committed 100608K, reserved 557056K
  class space    used 13989K, committed 14528K, reserved 425984K
}
Event: 35.396 GC heap before
{Heap before GC invocations=79 (full 0):
 garbage-first heap   total 283648K, used 246361K [0x0000000080000000, 0x0000000100000000)
  region size 1024K, 56 young (57344K), 4 survivors (4096K)
 Metaspace       used 99579K, committed 100672K, reserved 557056K
  class space    used 14004K, committed 14528K, reserved 425984K
}
Event: 35.401 GC heap after
{Heap after GC invocations=80 (full 0):
 garbage-first heap   total 283648K, used 185846K [0x0000000080000000, 0x0000000100000000)
  region size 1024K, 7 young (7168K), 7 survivors (7168K)
 Metaspace       used 99579K, committed 100672K, reserved 557056K
  class space    used 14004K, committed 14528K, reserved 425984K
}
Event: 36.006 GC heap before
{Heap before GC invocations=80 (full 0):
 garbage-first heap   total 283648K, used 240118K [0x0000000080000000, 0x0000000100000000)
  region size 1024K, 59 young (60416K), 7 survivors (7168K)
 Metaspace       used 99846K, committed 101056K, reserved 557056K
  class space    used 14035K, committed 14592K, reserved 425984K
}
Event: 36.015 GC heap after
{Heap after GC invocations=81 (full 0):
 garbage-first heap   total 283648K, used 191806K [0x0000000080000000, 0x0000000100000000)
  region size 1024K, 4 young (4096K), 4 survivors (4096K)
 Metaspace       used 99846K, committed 101056K, reserved 557056K
  class space    used 14035K, committed 14592K, reserved 425984K
}
Event: 36.299 GC heap before
{Heap before GC invocations=81 (full 0):
 garbage-first heap   total 283648K, used 246078K [0x0000000080000000, 0x0000000100000000)
  region size 1024K, 52 young (53248K), 4 survivors (4096K)
 Metaspace       used 100058K, committed 101312K, reserved 557056K
  class space    used 14074K, committed 14656K, reserved 425984K
}
Event: 36.304 GC heap after
{Heap after GC invocations=82 (full 0):
 garbage-first heap   total 283648K, used 192622K [0x0000000080000000, 0x0000000100000000)
  region size 1024K, 7 young (7168K), 7 survivors (7168K)
 Metaspace       used 100058K, committed 101312K, reserved 557056K
  class space    used 14074K, committed 14656K, reserved 425984K
}
Event: 36.525 GC heap before
{Heap before GC invocations=82 (full 0):
 garbage-first heap   total 283648K, used 244846K [0x0000000080000000, 0x0000000100000000)
  region size 1024K, 55 young (56320K), 7 survivors (7168K)
 Metaspace       used 100097K, committed 101376K, reserved 557056K
  class space    used 14075K, committed 14656K, reserved 425984K
}
Event: 36.531 GC heap after
{Heap after GC invocations=83 (full 0):
 garbage-first heap   total 283648K, used 195395K [0x0000000080000000, 0x0000000100000000)
  region size 1024K, 6 young (6144K), 6 survivors (6144K)
 Metaspace       used 100097K, committed 101376K, reserved 557056K
  class space    used 14075K, committed 14656K, reserved 425984K
}
Event: 36.785 GC heap before
{Heap before GC invocations=83 (full 0):
 garbage-first heap   total 283648K, used 245571K [0x0000000080000000, 0x0000000100000000)
  region size 1024K, 52 young (53248K), 6 survivors (6144K)
 Metaspace       used 100138K, committed 101376K, reserved 557056K
  class space    used 14079K, committed 14656K, reserved 425984K
}
Event: 36.791 GC heap after
{Heap after GC invocations=84 (full 0):
 garbage-first heap   total 283648K, used 197931K [0x0000000080000000, 0x0000000100000000)
  region size 1024K, 6 young (6144K), 6 survivors (6144K)
 Metaspace       used 100138K, committed 101376K, reserved 557056K
  class space    used 14079K, committed 14656K, reserved 425984K
}
Event: 36.958 GC heap before
{Heap before GC invocations=84 (full 0):
 garbage-first heap   total 283648K, used 217387K [0x0000000080000000, 0x0000000100000000)
  region size 1024K, 23 young (23552K), 6 survivors (6144K)
 Metaspace       used 100510K, committed 101696K, reserved 557056K
  class space    used 14123K, committed 14720K, reserved 425984K
}
Event: 36.963 GC heap after
{Heap after GC invocations=85 (full 0):
 garbage-first heap   total 340992K, used 203182K [0x0000000080000000, 0x0000000100000000)
  region size 1024K, 4 young (4096K), 4 survivors (4096K)
 Metaspace       used 100510K, committed 101696K, reserved 557056K
  class space    used 14123K, committed 14720K, reserved 425984K
}
Event: 683.800 GC heap before
{Heap before GC invocations=85 (full 0):
 garbage-first heap   total 340992K, used 288174K [0x0000000080000000, 0x0000000100000000)
  region size 1024K, 87 young (89088K), 4 survivors (4096K)
 Metaspace       used 103378K, committed 104576K, reserved 557056K
  class space    used 14400K, committed 14976K, reserved 425984K
}
Event: 683.814 GC heap after
{Heap after GC invocations=86 (full 0):
 garbage-first heap   total 340992K, used 205913K [0x0000000080000000, 0x0000000100000000)
  region size 1024K, 11 young (11264K), 11 survivors (11264K)
 Metaspace       used 103378K, committed 104576K, reserved 557056K
  class space    used 14400K, committed 14976K, reserved 425984K
}

